<?xml version="1.0" encoding="UTF-8"?>
<testsuite name="com.pacifico.pacificorestfullbackend.PacificoRestfullBackendApplicationTests" tests="1" skipped="0" failures="0" errors="0" timestamp="2019-03-01T14:03:00" hostname="/127.0.0.1" time="0.05">
  <properties/>
  <testcase name="contextLoads" classname="com.pacifico.pacificorestfullbackend.PacificoRestfullBackendApplicationTests" time="0.05"/>
  <system-out><![CDATA[09:02:55.563 [Test worker] DEBUG org.springframework.test.context.junit4.SpringJUnit4ClassRunner - SpringJUnit4ClassRunner constructor called with [class com.pacifico.pacificorestfullbackend.PacificoRestfullBackendApplicationTests]
09:02:55.570 [Test worker] DEBUG org.springframework.test.context.BootstrapUtils - Instantiating CacheAwareContextLoaderDelegate from class [org.springframework.test.context.cache.DefaultCacheAwareContextLoaderDelegate]
09:02:55.577 [Test worker] DEBUG org.springframework.test.context.BootstrapUtils - Instantiating BootstrapContext using constructor [public org.springframework.test.context.support.DefaultBootstrapContext(java.lang.Class,org.springframework.test.context.CacheAwareContextLoaderDelegate)]
09:02:55.594 [Test worker] DEBUG org.springframework.test.context.BootstrapUtils - Instantiating TestContextBootstrapper for test class [com.pacifico.pacificorestfullbackend.PacificoRestfullBackendApplicationTests] from class [org.springframework.boot.test.context.SpringBootTestContextBootstrapper]
09:02:55.605 [Test worker] INFO org.springframework.boot.test.context.SpringBootTestContextBootstrapper - Neither @ContextConfiguration nor @ContextHierarchy found for test class [com.pacifico.pacificorestfullbackend.PacificoRestfullBackendApplicationTests], using SpringBootContextLoader
09:02:55.607 [Test worker] DEBUG org.springframework.test.context.support.AbstractContextLoader - Did not detect default resource location for test class [com.pacifico.pacificorestfullbackend.PacificoRestfullBackendApplicationTests]: class path resource [com/pacifico/pacificorestfullbackend/PacificoRestfullBackendApplicationTests-context.xml] does not exist
09:02:55.608 [Test worker] DEBUG org.springframework.test.context.support.AbstractContextLoader - Did not detect default resource location for test class [com.pacifico.pacificorestfullbackend.PacificoRestfullBackendApplicationTests]: class path resource [com/pacifico/pacificorestfullbackend/PacificoRestfullBackendApplicationTestsContext.groovy] does not exist
09:02:55.608 [Test worker] INFO org.springframework.test.context.support.AbstractContextLoader - Could not detect default resource locations for test class [com.pacifico.pacificorestfullbackend.PacificoRestfullBackendApplicationTests]: no resource found for suffixes {-context.xml, Context.groovy}.
09:02:55.609 [Test worker] INFO org.springframework.test.context.support.AnnotationConfigContextLoaderUtils - Could not detect default configuration classes for test class [com.pacifico.pacificorestfullbackend.PacificoRestfullBackendApplicationTests]: PacificoRestfullBackendApplicationTests does not declare any static, non-private, non-final, nested classes annotated with @Configuration.
09:02:55.643 [Test worker] DEBUG org.springframework.test.context.support.ActiveProfilesUtils - Could not find an 'annotation declaring class' for annotation type [org.springframework.test.context.ActiveProfiles] and class [com.pacifico.pacificorestfullbackend.PacificoRestfullBackendApplicationTests]
09:02:55.706 [Test worker] DEBUG org.springframework.context.annotation.ClassPathScanningCandidateComponentProvider - Identified candidate component class: file [/home/synopsis/etello/rest/pacifico-restfull-backend/build/classes/java/main/com/pacifico/pacificorestfullbackend/PacificoRestfullBackendApplication.class]
09:02:55.707 [Test worker] INFO org.springframework.boot.test.context.SpringBootTestContextBootstrapper - Found @SpringBootConfiguration com.pacifico.pacificorestfullbackend.PacificoRestfullBackendApplication for test class com.pacifico.pacificorestfullbackend.PacificoRestfullBackendApplicationTests
09:02:55.829 [Test worker] DEBUG org.springframework.boot.test.context.SpringBootTestContextBootstrapper - @TestExecutionListeners is not present for class [com.pacifico.pacificorestfullbackend.PacificoRestfullBackendApplicationTests]: using defaults.
09:02:55.829 [Test worker] INFO org.springframework.boot.test.context.SpringBootTestContextBootstrapper - Loaded default TestExecutionListener class names from location [META-INF/spring.factories]: [org.springframework.boot.test.autoconfigure.restdocs.RestDocsTestExecutionListener, org.springframework.boot.test.autoconfigure.web.client.MockRestServiceServerResetTestExecutionListener, org.springframework.boot.test.autoconfigure.web.servlet.MockMvcPrintOnlyOnFailureTestExecutionListener, org.springframework.boot.test.autoconfigure.web.servlet.WebDriverTestExecutionListener, org.springframework.boot.test.mock.mockito.MockitoTestExecutionListener, org.springframework.boot.test.mock.mockito.ResetMocksTestExecutionListener, org.springframework.test.context.web.ServletTestExecutionListener, org.springframework.test.context.support.DirtiesContextBeforeModesTestExecutionListener, org.springframework.test.context.support.DependencyInjectionTestExecutionListener, org.springframework.test.context.support.DirtiesContextTestExecutionListener, org.springframework.test.context.transaction.TransactionalTestExecutionListener, org.springframework.test.context.jdbc.SqlScriptsTestExecutionListener]
09:02:55.843 [Test worker] INFO org.springframework.boot.test.context.SpringBootTestContextBootstrapper - Using TestExecutionListeners: [org.springframework.test.context.web.ServletTestExecutionListener@2e7aadee, org.springframework.test.context.support.DirtiesContextBeforeModesTestExecutionListener@4f55a695, org.springframework.boot.test.mock.mockito.MockitoTestExecutionListener@67f0e242, org.springframework.boot.test.autoconfigure.SpringBootDependencyInjectionTestExecutionListener@1e5ff9ca, org.springframework.test.context.support.DirtiesContextTestExecutionListener@65b12232, org.springframework.test.context.transaction.TransactionalTestExecutionListener@732411f, org.springframework.test.context.jdbc.SqlScriptsTestExecutionListener@67b04149, org.springframework.boot.test.autoconfigure.restdocs.RestDocsTestExecutionListener@64065dc, org.springframework.boot.test.autoconfigure.web.client.MockRestServiceServerResetTestExecutionListener@6a0c6794, org.springframework.boot.test.autoconfigure.web.servlet.MockMvcPrintOnlyOnFailureTestExecutionListener@7f23e973, org.springframework.boot.test.autoconfigure.web.servlet.WebDriverTestExecutionListener@1afc55d7, org.springframework.boot.test.mock.mockito.ResetMocksTestExecutionListener@1f17bdd1]
09:02:55.845 [Test worker] DEBUG org.springframework.test.annotation.ProfileValueUtils - Retrieved @ProfileValueSourceConfiguration [null] for test class [com.pacifico.pacificorestfullbackend.PacificoRestfullBackendApplicationTests]
09:02:55.846 [Test worker] DEBUG org.springframework.test.annotation.ProfileValueUtils - Retrieved ProfileValueSource type [class org.springframework.test.annotation.SystemProfileValueSource] for class [com.pacifico.pacificorestfullbackend.PacificoRestfullBackendApplicationTests]
09:02:55.846 [Test worker] DEBUG org.springframework.test.annotation.ProfileValueUtils - Retrieved @ProfileValueSourceConfiguration [null] for test class [com.pacifico.pacificorestfullbackend.PacificoRestfullBackendApplicationTests]
09:02:55.846 [Test worker] DEBUG org.springframework.test.annotation.ProfileValueUtils - Retrieved ProfileValueSource type [class org.springframework.test.annotation.SystemProfileValueSource] for class [com.pacifico.pacificorestfullbackend.PacificoRestfullBackendApplicationTests]
09:02:55.850 [Test worker] DEBUG org.springframework.test.context.support.AbstractDirtiesContextTestExecutionListener - Before test class: context [DefaultTestContext@51aac48e testClass = PacificoRestfullBackendApplicationTests, testInstance = [null], testMethod = [null], testException = [null], mergedContextConfiguration = [WebMergedContextConfiguration@3bf5483e testClass = PacificoRestfullBackendApplicationTests, locations = '{}', classes = '{class com.pacifico.pacificorestfullbackend.PacificoRestfullBackendApplication}', contextInitializerClasses = '[]', activeProfiles = '{}', propertySourceLocations = '{}', propertySourceProperties = '{org.springframework.boot.test.context.SpringBootTestContextBootstrapper=true}', contextCustomizers = set[org.springframework.boot.test.autoconfigure.properties.PropertyMappingContextCustomizer@0, org.springframework.boot.test.autoconfigure.web.servlet.WebDriverContextCustomizerFactory$Customizer@6206c20a, org.springframework.boot.test.context.filter.ExcludeFilterContextCustomizer@589fac88, org.springframework.boot.test.json.DuplicateJsonObjectContextCustomizerFactory$DuplicateJsonObjectContextCustomizer@3b25dd60, org.springframework.boot.test.mock.mockito.MockitoContextCustomizer@0, org.springframework.boot.test.web.client.TestRestTemplateContextCustomizer@791677c0], resourceBasePath = 'src/main/webapp', contextLoader = 'org.springframework.boot.test.context.SpringBootContextLoader', parent = [null]], attributes = map['org.springframework.test.context.web.ServletTestExecutionListener.activateListener' -> true]], class annotated with @DirtiesContext [false] with mode [null].
09:02:55.851 [Test worker] DEBUG org.springframework.test.annotation.ProfileValueUtils - Retrieved @ProfileValueSourceConfiguration [null] for test class [com.pacifico.pacificorestfullbackend.PacificoRestfullBackendApplicationTests]
09:02:55.851 [Test worker] DEBUG org.springframework.test.annotation.ProfileValueUtils - Retrieved ProfileValueSource type [class org.springframework.test.annotation.SystemProfileValueSource] for class [com.pacifico.pacificorestfullbackend.PacificoRestfullBackendApplicationTests]
09:02:55.866 [Test worker] DEBUG org.springframework.test.context.support.TestPropertySourceUtils - Adding inlined properties to environment: {spring.jmx.enabled=false, org.springframework.boot.test.context.SpringBootTestContextBootstrapper=true, server.port=-1}

  .   ____          _            __ _ _
 /\\ / ___'_ __ _ _(_)_ __  __ _ \ \ \ \
( ( )\___ | '_ | '_| | '_ \/ _` | \ \ \ \
 \\/  ___)| |_)| | | | | || (_| |  ) ) ) )
  '  |____| .__|_| |_|_| |_\__, | / / / /
 =========|_|==============|___/=/_/_/_/
 :: Spring Boot ::        (v2.1.3.RELEASE)

2019-03-01 09:02:56.274  INFO 3123 --- [    Test worker] .PacificoRestfullBackendApplicationTests : Starting PacificoRestfullBackendApplicationTests with PID 3123 (started by synopsis in /home/synopsis/etello/rest/pacifico-restfull-backend)
2019-03-01 09:02:56.276  INFO 3123 --- [    Test worker] .PacificoRestfullBackendApplicationTests : No active profile set, falling back to default profiles: default
2019-03-01 09:02:56.923  INFO 3123 --- [    Test worker] .s.d.r.c.RepositoryConfigurationDelegate : Bootstrapping Spring Data repositories in DEFAULT mode.
2019-03-01 09:02:56.986  INFO 3123 --- [    Test worker] .s.d.r.c.RepositoryConfigurationDelegate : Finished Spring Data repository scanning in 55ms. Found 1 repository interfaces.
2019-03-01 09:02:57.334  INFO 3123 --- [    Test worker] trationDelegate$BeanPostProcessorChecker : Bean 'org.springframework.transaction.annotation.ProxyTransactionManagementConfiguration' of type [org.springframework.transaction.annotation.ProxyTransactionManagementConfiguration$$EnhancerBySpringCGLIB$$81842440] is not eligible for getting processed by all BeanPostProcessors (for example: not eligible for auto-proxying)
2019-03-01 09:02:57.538  INFO 3123 --- [    Test worker] com.zaxxer.hikari.HikariDataSource       : HikariPool-1 - Starting...
2019-03-01 09:02:57.540  WARN 3123 --- [    Test worker] com.zaxxer.hikari.util.DriverDataSource  : Registered driver with driverClassName=com.mysql.jdbc.Driver was not found, trying direct instantiation.
2019-03-01 09:02:57.849  INFO 3123 --- [    Test worker] com.zaxxer.hikari.HikariDataSource       : HikariPool-1 - Start completed.
2019-03-01 09:02:57.906  INFO 3123 --- [    Test worker] o.hibernate.jpa.internal.util.LogHelper  : HHH000204: Processing PersistenceUnitInfo [
	name: default
	...]
2019-03-01 09:02:57.956  INFO 3123 --- [    Test worker] org.hibernate.Version                    : HHH000412: Hibernate Core {5.3.7.Final}
2019-03-01 09:02:57.958  INFO 3123 --- [    Test worker] org.hibernate.cfg.Environment            : HHH000206: hibernate.properties not found
2019-03-01 09:02:58.112  INFO 3123 --- [    Test worker] o.hibernate.annotations.common.Version   : HCANN000001: Hibernate Commons Annotations {5.0.4.Final}
2019-03-01 09:02:58.222  INFO 3123 --- [    Test worker] org.hibernate.dialect.Dialect            : HHH000400: Using dialect: org.hibernate.dialect.MySQL5InnoDBDialect
2019-03-01 09:02:58.690 DEBUG 3123 --- [    Test worker] org.hibernate.SQL                        : drop table if exists cuentas
2019-03-01 09:02:58.706 DEBUG 3123 --- [    Test worker] org.hibernate.SQL                        : create table cuentas (id bigint not null auto_increment, alias varchar(255), cuentan varchar(255), producto varchar(255), saldo double precision, primary key (id)) engine=InnoDB
2019-03-01 09:02:59.042  INFO 3123 --- [    Test worker] o.h.t.schema.internal.SchemaCreatorImpl  : HHH000476: Executing import script 'ScriptSourceInputFromUrl(file:/home/synopsis/etello/rest/pacifico-restfull-backend/build/resources/main/import.sql)'
2019-03-01 09:02:59.042 DEBUG 3123 --- [    Test worker] org.hibernate.SQL                        : INSERT INTO cuentas (alias, cuentan, producto, saldo) VALUES('Ahoro', 'Nº 9020120001', 'AHV -0021', 44778.44)
2019-03-01 09:02:59.090 DEBUG 3123 --- [    Test worker] org.hibernate.SQL                        : INSERT INTO cuentas (alias, cuentan, producto, saldo) VALUES('Ahoro', 'Nº 9020120001', 'AHV -0021', 44778.44)
2019-03-01 09:02:59.199 DEBUG 3123 --- [    Test worker] org.hibernate.SQL                        : INSERT INTO cuentas (alias, cuentan, producto, saldo) VALUES('Prestamo', 'Nº 9020120001', 'AHV -0021', 44778.44)
2019-03-01 09:02:59.249 DEBUG 3123 --- [    Test worker] org.hibernate.SQL                        : INSERT INTO cuentas (alias, cuentan, producto, saldo) VALUES('Prestamo', 'Nº 9020120001', 'AHV -0021', 44778.44)
2019-03-01 09:02:59.299 DEBUG 3123 --- [    Test worker] org.hibernate.SQL                        : INSERT INTO cuentas (alias, cuentan, producto, saldo) VALUES('Prestamo', 'Nº 9020120001', 'AHV -0021', 44778.44)
2019-03-01 09:02:59.349 DEBUG 3123 --- [    Test worker] org.hibernate.SQL                        : INSERT INTO cuentas (alias, cuentan, producto, saldo) VALUES('Ahoro', 'Nº 9020120001', 'AHV -0021', 44778.44)
2019-03-01 09:02:59.399 DEBUG 3123 --- [    Test worker] org.hibernate.SQL                        : INSERT INTO cuentas (alias, cuentan, producto, saldo) VALUES('Ahoro', 'Nº 9020120001', 'AHV -0021', 44778.44)
2019-03-01 09:02:59.449 DEBUG 3123 --- [    Test worker] org.hibernate.SQL                        : INSERT INTO cuentas (alias, cuentan, producto, saldo) VALUES('Ahoro', 'Nº 9020120001', 'AHV -0021', 44778.44)
2019-03-01 09:02:59.499 DEBUG 3123 --- [    Test worker] org.hibernate.SQL                        : INSERT INTO cuentas (alias, cuentan, producto, saldo) VALUES('Prestamo', 'Nº 9020120001', 'AHV -0021', 44778.44)
2019-03-01 09:02:59.549 DEBUG 3123 --- [    Test worker] org.hibernate.SQL                        : INSERT INTO cuentas (alias, cuentan, producto, saldo) VALUES('Dep. Fijo', 'Nº 9020120001', 'AHV -0021', 44778.44)
2019-03-01 09:02:59.599 DEBUG 3123 --- [    Test worker] org.hibernate.SQL                        : INSERT INTO cuentas (alias, cuentan, producto, saldo) VALUES('Dep. Fijo', 'Nº 9020120001', 'AHV -0021', 44778.44)
2019-03-01 09:02:59.649 DEBUG 3123 --- [    Test worker] org.hibernate.SQL                        : INSERT INTO cuentas (alias, cuentan, producto, saldo) VALUES('Dep. Fijo', 'Nº 9020120001', 'AHV -0021', 44778.44)
2019-03-01 09:02:59.705  INFO 3123 --- [    Test worker] j.LocalContainerEntityManagerFactoryBean : Initialized JPA EntityManagerFactory for persistence unit 'default'
2019-03-01 09:03:00.512  INFO 3123 --- [    Test worker] o.s.s.concurrent.ThreadPoolTaskExecutor  : Initializing ExecutorService 'applicationTaskExecutor'
2019-03-01 09:03:00.563  WARN 3123 --- [    Test worker] aWebConfiguration$JpaWebMvcConfiguration : spring.jpa.open-in-view is enabled by default. Therefore, database queries may be performed during view rendering. Explicitly configure spring.jpa.open-in-view to disable this warning
2019-03-01 09:03:00.885  INFO 3123 --- [    Test worker] .PacificoRestfullBackendApplicationTests : Started PacificoRestfullBackendApplicationTests in 4.881 seconds (JVM running for 5.772)
]]></system-out>
  <system-err><![CDATA[Loading class `com.mysql.jdbc.Driver'. This is deprecated. The new driver class is `com.mysql.cj.jdbc.Driver'. The driver is automatically registered via the SPI and manual loading of the driver class is generally unnecessary.
]]></system-err>
</testsuite>
